<?xml version="1.0" encoding="UTF-8"?>
<testng-results ignored="0" total="1" passed="1" failed="0" skipped="0">
  <reporter-output>
  </reporter-output>
  <suite started-at="2019-06-08T14:14:25Z" name="Suite1" finished-at="2019-06-08T14:15:13Z" duration-ms="48146">
    <groups>
      <group name="cucumber">
        <method signature="AbstractTestNGCucumberTests.feature(cucumber.api.testng.CucumberFeatureWrapper)[pri:0, instance:com.runners.RunnerClass@53976f5c]" name="feature" class="cucumber.api.testng.AbstractTestNGCucumberTests"/>
      </group> <!-- cucumber -->
    </groups>
    <test started-at="2019-06-08T14:14:25Z" name="Test1" finished-at="2019-06-08T14:15:13Z" duration-ms="48146">
      <class name="com.runners.RunnerClass">
        <test-method is-config="true" signature="setUpClass()[pri:0, instance:com.runners.RunnerClass@53976f5c]" started-at="2019-06-08T14:14:25Z" name="setUpClass" finished-at="2019-06-08T14:14:26Z" duration-ms="813" status="PASS">
          <reporter-output>
          </reporter-output>
        </test-method> <!-- setUpClass -->
        <test-method signature="feature(cucumber.api.testng.CucumberFeatureWrapper)[pri:0, instance:com.runners.RunnerClass@53976f5c]" started-at="2019-06-08T14:14:26Z" name="feature" description="Runs Cucumber Feature" data-provider="features" finished-at="2019-06-08T14:15:13Z" duration-ms="46705" status="PASS">
          <params>
            <param index="0">
              <value>
                <![CDATA[Learning concepts of Automation]]>
              </value>
            </param>
          </params>
          <reporter-output>
          </reporter-output>
        </test-method> <!-- feature -->
        <test-method is-config="true" signature="tearDownClass()[pri:0, instance:com.runners.RunnerClass@53976f5c]" started-at="2019-06-08T14:15:13Z" name="tearDownClass" finished-at="2019-06-08T14:15:13Z" duration-ms="3" status="PASS">
          <reporter-output>
          </reporter-output>
        </test-method> <!-- tearDownClass -->
      </class> <!-- com.runners.RunnerClass -->
    </test> <!-- Test1 -->
  </suite> <!-- Suite1 -->
</testng-results>
